[0.205s] Invoking command in '/home/tannernelson3/snuff_ros2/ros2_ws/build/opencv': CMAKE_PREFIX_PATH=/opt/ros/iron /usr/bin/cmake /home/tannernelson3/snuff_ros2/ros2_ws/src/opencv -DCMAKE_INSTALL_PREFIX=/home/tannernelson3/snuff_ros2/ros2_ws/install/opencv
[0.418s] -- The C compiler identification is GNU 11.4.0
[0.622s] -- The CXX compiler identification is GNU 11.4.0
[0.642s] -- Detecting C compiler ABI info
[0.794s] -- Detecting C compiler ABI info - done
[0.816s] -- Check for working C compiler: /usr/bin/cc - skipped
[0.817s] -- Detecting C compile features
[0.817s] -- Detecting C compile features - done
[0.826s] -- Detecting CXX compiler ABI info
[0.946s] -- Detecting CXX compiler ABI info - done
[0.957s] -- Check for working CXX compiler: /usr/bin/c++ - skipped
[0.957s] -- Detecting CXX compile features
[0.958s] -- Detecting CXX compile features - done
[0.962s] -- Found ament_cmake: 2.0.3 (/opt/ros/iron/share/ament_cmake/cmake)
[1.217s] -- Found Python3: /usr/bin/python3.10 (found version "3.10.12") found components: Interpreter 
[1.349s] -- Found rclcpp: 21.0.4 (/opt/ros/iron/share/rclcpp/cmake)
[1.414s] -- Found rosidl_generator_c: 4.0.1 (/opt/ros/iron/share/rosidl_generator_c/cmake)
[1.433s] -- Found rosidl_generator_cpp: 4.0.1 (/opt/ros/iron/share/rosidl_generator_cpp/cmake)
[1.461s] -- Using all available rosidl_typesupport_c: rosidl_typesupport_fastrtps_c;rosidl_typesupport_introspection_c
[1.491s] -- Using all available rosidl_typesupport_cpp: rosidl_typesupport_fastrtps_cpp;rosidl_typesupport_introspection_cpp
[1.735s] -- Found rmw_implementation_cmake: 7.1.0 (/opt/ros/iron/share/rmw_implementation_cmake/cmake)
[1.740s] -- Found rmw_fastrtps_cpp: 7.1.2 (/opt/ros/iron/share/rmw_fastrtps_cpp/cmake)
[1.894s] -- Found OpenSSL: /usr/lib/x86_64-linux-gnu/libcrypto.so (found version "3.0.2")  
[1.927s] -- Found FastRTPS: /opt/ros/iron/include  
[1.981s] -- Using RMW implementation 'rmw_fastrtps_cpp' as default
[2.229s] -- Found std_msgs: 5.0.0 (/opt/ros/iron/share/std_msgs/cmake)
[2.277s] -- Found sensor_msgs: 5.0.0 (/opt/ros/iron/share/sensor_msgs/cmake)
[2.481s] -- Found cv_bridge: 3.4.0 (/opt/ros/iron/share/cv_bridge/cmake)
[2.518s] -- Found image_transport: 4.2.2 (/opt/ros/iron/share/image_transport/cmake)
[2.586s] -- Found OpenCV: /usr (found version "4.5.4") 
[2.588s] -- Found ament_lint_auto: 0.14.2 (/opt/ros/iron/share/ament_lint_auto/cmake)
[2.700s] -- Added test 'cppcheck' to perform static code analysis on C / C++ code
[2.700s] -- Configured cppcheck include dirs: 
[2.700s] -- Configured cppcheck exclude dirs and/or files: 
[2.701s] -- Added test 'lint_cmake' to check CMake code style
[2.703s] -- Added test 'uncrustify' to check C / C++ code style
[2.703s] -- Configured uncrustify additional arguments: 
[2.704s] -- Added test 'xmllint' to check XML markup files
[2.705s] -- Configuring done
[2.726s] -- Generating done
[2.728s] -- Build files have been written to: /home/tannernelson3/snuff_ros2/ros2_ws/build/opencv
[2.740s] Invoked command in '/home/tannernelson3/snuff_ros2/ros2_ws/build/opencv' returned '0': CMAKE_PREFIX_PATH=/opt/ros/iron /usr/bin/cmake /home/tannernelson3/snuff_ros2/ros2_ws/src/opencv -DCMAKE_INSTALL_PREFIX=/home/tannernelson3/snuff_ros2/ros2_ws/install/opencv
[2.742s] Invoking command in '/home/tannernelson3/snuff_ros2/ros2_ws/build/opencv': CMAKE_PREFIX_PATH=/opt/ros/iron /usr/bin/cmake --build /home/tannernelson3/snuff_ros2/ros2_ws/build/opencv -- -j4 -l4
[2.803s] [ 50%] [32mBuilding CXX object CMakeFiles/minimal_opencv_ros2_node.dir/src/minimal_opencv_ros2_node.cpp.o[0m
[3.443s] In file included from [01m[K/home/tannernelson3/snuff_ros2/ros2_ws/src/opencv/src/minimal_opencv_ros2_node.cpp:5[m[K:
[3.443s] [01m[K/opt/ros/iron/include/cv_bridge/cv_bridge/cv_bridge.h:42:2:[m[K [01;35m[Kwarning: [m[K#warning This header is obsolete, please include cv_bridge/cv_bridge.hpp instead [[01;35m[K]8;;https://gcc.gnu.org/onlinedocs/gcc/Warning-Options.html#index-Wcpp-Wcpp]8;;[m[K]
[3.443s]    42 | #[01;35m[Kwarning[m[K This header is obsolete, please include cv_bridge/cv_bridge.hpp instead
[3.443s]       |  [01;35m[K^~~~~~~[m[K
[8.031s] [01m[K/home/tannernelson3/snuff_ros2/ros2_ws/src/opencv/src/minimal_opencv_ros2_node.cpp:[m[K In constructor â€˜[01m[KMinimalImagePublisher::MinimalImagePublisher()[m[Kâ€™:
[8.031s] [01m[K/home/tannernelson3/snuff_ros2/ros2_ws/src/opencv/src/minimal_opencv_ros2_node.cpp:17:27:[m[K [01;31m[Kerror: [m[Kâ€˜[01m[Kamp[m[Kâ€™ was not declared in this scope
[8.031s]    17 |         500ms, std::bind(&[01;31m[Kamp[m[K;MinimalImagePublisher::timer_callback, this));
[8.031s]       |                           [01;31m[K^~~[m[K
[8.031s] [01m[K/home/tannernelson3/snuff_ros2/ros2_ws/src/opencv/src/minimal_opencv_ros2_node.cpp:17:54:[m[K [01;31m[Kerror: [m[Kinvalid use of non-static member function â€˜[01m[Kvoid MinimalImagePublisher::timer_callback()[m[Kâ€™
[8.031s]    17 |         500ms, std::bind(&amp;[01;31m[KMinimalImagePublisher::timer_callback[m[K, this));
[8.032s]       |                               [01;31m[K~~~~~~~~~~~~~~~~~~~~~~~^~~~~~~~~~~~~~[m[K
[8.032s] [01m[K/home/tannernelson3/snuff_ros2/ros2_ws/src/opencv/src/minimal_opencv_ros2_node.cpp:21:8:[m[K [01;36m[Knote: [m[Kdeclared here
[8.032s]    21 |   void [01;36m[Ktimer_callback[m[K() {
[8.032s]       |        [01;36m[K^~~~~~~~~~~~~~[m[K
[9.975s] gmake[2]: *** [CMakeFiles/minimal_opencv_ros2_node.dir/build.make:76: CMakeFiles/minimal_opencv_ros2_node.dir/src/minimal_opencv_ros2_node.cpp.o] Error 1
[9.975s] gmake[1]: *** [CMakeFiles/Makefile2:137: CMakeFiles/minimal_opencv_ros2_node.dir/all] Error 2
[9.976s] gmake: *** [Makefile:146: all] Error 2
[9.978s] Invoked command in '/home/tannernelson3/snuff_ros2/ros2_ws/build/opencv' returned '2': CMAKE_PREFIX_PATH=/opt/ros/iron /usr/bin/cmake --build /home/tannernelson3/snuff_ros2/ros2_ws/build/opencv -- -j4 -l4
